# JRE version: OpenJDK Runtime Environment Temurin-21.0.9+10 (21.0.9+10) (build 21.0.9+10-LTS)
# Java VM: OpenJDK 64-Bit Server VM Temurin-21.0.9+10 (21.0.9+10-LTS, mixed mode, sharing, tiered, compressed oops, compressed class ptrs, parallel gc, windows-amd64)
GC Precious Log:
 CardTable entry size: 512
 CPUs: 4 total, 4 available
 Memory: 8088M
 Large Page Support: Disabled
 NUMA Support: Disabled
 Compressed Oops: Enabled (32-bit)
 Alignments: Space 512K, Generation 512K, Heap 2M
 Heap Min Capacity: 100M
 Heap Initial Capacity: 100M
 Heap Max Capacity: 2G
 Pre-touch: Disabled
 Parallel Workers: 4
Heap:
 PSYoungGen      total 23552K, used 9922K [0x00000000d5580000, 0x00000000d6f80000, 0x0000000100000000)
  eden space 20992K, 47% used [0x00000000d5580000,0x00000000d5f30b28,0x00000000d6a00000)
  from space 2560K, 0% used [0x00000000d6d00000,0x00000000d6d00000,0x00000000d6f80000)
  to   space 2560K, 0% used [0x00000000d6a80000,0x00000000d6a80000,0x00000000d6d00000)
 ParOldGen       total 68608K, used 46810K [0x0000000080000000, 0x0000000084300000, 0x00000000d5580000)
  object space 68608K, 68% used [0x0000000080000000,0x0000000082db69f0,0x0000000084300000)
 Metaspace       used 58564K, committed 60032K, reserved 1114112K
  class space    used 6312K, committed 6912K, reserved 1048576K
GC Heap History (20 events):
Event: 19.445 GC heap before
{Heap before GC invocations=26 (full 2):
 PSYoungGen      total 23552K, used 23140K [0x00000000d5580000, 0x00000000d7100000, 0x0000000100000000)
  eden space 20992K, 100% used [0x00000000d5580000,0x00000000d6a00000,0x00000000d6a00000)
  from space 2560K, 83% used [0x00000000d6a00000,0x00000000d6c19000,0x00000000d6c80000)
  to   space 3584K, 0% used [0x00000000d6d80000,0x00000000d6d80000,0x00000000d7100000)
 ParOldGen       total 68608K, used 36724K [0x0000000080000000, 0x0000000084300000, 0x00000000d5580000)
  object space 68608K, 53% used [0x0000000080000000,0x00000000823dd288,0x0000000084300000)
 Metaspace       used 49129K, committed 50496K, reserved 1114112K
  class space    used 5357K, committed 5952K, reserved 1048576K
}
Event: 19.459 GC heap after
{Heap after GC invocations=26 (full 2):
 PSYoungGen      total 23552K, used 2336K [0x00000000d5580000, 0x00000000d7000000, 0x0000000100000000)
  eden space 20992K, 0% used [0x00000000d5580000,0x00000000d5580000,0x00000000d6a00000)
  from space 2560K, 91% used [0x00000000d6d80000,0x00000000d6fc8010,0x00000000d7000000)
  to   space 2560K, 0% used [0x00000000d6a00000,0x00000000d6a00000,0x00000000d6c80000)
 ParOldGen       total 68608K, used 38802K [0x0000000080000000, 0x0000000084300000, 0x00000000d5580000)
  object space 68608K, 56% used [0x0000000080000000,0x00000000825e48b0,0x0000000084300000)
 Metaspace       used 49129K, committed 50496K, reserved 1114112K
  class space    used 5357K, committed 5952K, reserved 1048576K
}
Event: 19.748 GC heap before
{Heap before GC invocations=27 (full 2):
 PSYoungGen      total 23552K, used 23328K [0x00000000d5580000, 0x00000000d7000000, 0x0000000100000000)
  eden space 20992K, 100% used [0x00000000d5580000,0x00000000d6a00000,0x00000000d6a00000)
  from space 2560K, 91% used [0x00000000d6d80000,0x00000000d6fc8010,0x00000000d7000000)
  to   space 2560K, 0% used [0x00000000d6a00000,0x00000000d6a00000,0x00000000d6c80000)
 ParOldGen       total 68608K, used 38802K [0x0000000080000000, 0x0000000084300000, 0x00000000d5580000)
  object space 68608K, 56% used [0x0000000080000000,0x00000000825e48b0,0x0000000084300000)
 Metaspace       used 49152K, committed 50496K, reserved 1114112K
  class space    used 5357K, committed 5952K, reserved 1048576K
}
Event: 19.758 GC heap after
{Heap after GC invocations=27 (full 2):
 PSYoungGen      total 23552K, used 2008K [0x00000000d5580000, 0x00000000d6f00000, 0x0000000100000000)
  eden space 20992K, 0% used [0x00000000d5580000,0x00000000d5580000,0x00000000d6a00000)
  from space 2560K, 78% used [0x00000000d6a00000,0x00000000d6bf6200,0x00000000d6c80000)
  to   space 2560K, 0% used [0x00000000d6c80000,0x00000000d6c80000,0x00000000d6f00000)
 ParOldGen       total 68608K, used 41106K [0x0000000080000000, 0x0000000084300000, 0x00000000d5580000)
  object space 68608K, 59% used [0x0000000080000000,0x00000000828248c0,0x0000000084300000)
 Metaspace       used 49152K, committed 50496K, reserved 1114112K
  class space    used 5357K, committed 5952K, reserved 1048576K
}
Event: 20.721 GC heap before
{Heap before GC invocations=28 (full 2):
 PSYoungGen      total 23552K, used 23000K [0x00000000d5580000, 0x00000000d6f00000, 0x0000000100000000)
  eden space 20992K, 100% used [0x00000000d5580000,0x00000000d6a00000,0x00000000d6a00000)
  from space 2560K, 78% used [0x00000000d6a00000,0x00000000d6bf6200,0x00000000d6c80000)
  to   space 2560K, 0% used [0x00000000d6c80000,0x00000000d6c80000,0x00000000d6f00000)
 ParOldGen       total 68608K, used 41106K [0x0000000080000000, 0x0000000084300000, 0x00000000d5580000)
  object space 68608K, 59% used [0x0000000080000000,0x00000000828248c0,0x0000000084300000)
 Metaspace       used 51029K, committed 52352K, reserved 1114112K
  class space    used 5606K, committed 6208K, reserved 1048576K
}
Event: 20.727 GC heap after
{Heap after GC invocations=28 (full 2):
 PSYoungGen      total 22016K, used 916K [0x00000000d5580000, 0x00000000d6d80000, 0x0000000100000000)
  eden space 20992K, 0% used [0x00000000d5580000,0x00000000d5580000,0x00000000d6a00000)
  from space 1024K, 89% used [0x00000000d6c80000,0x00000000d6d653c8,0x00000000d6d80000)
  to   space 1536K, 0% used [0x00000000d6a80000,0x00000000d6a80000,0x00000000d6c00000)
 ParOldGen       total 68608K, used 43079K [0x0000000080000000, 0x0000000084300000, 0x00000000d5580000)
  object space 68608K, 62% used [0x0000000080000000,0x0000000082a11e18,0x0000000084300000)
 Metaspace       used 51029K, committed 52352K, reserved 1114112K
  class space    used 5606K, committed 6208K, reserved 1048576K
}
Event: 21.390 GC heap before
{Heap before GC invocations=29 (full 2):
 PSYoungGen      total 22016K, used 21908K [0x00000000d5580000, 0x00000000d6d80000, 0x0000000100000000)
  eden space 20992K, 100% used [0x00000000d5580000,0x00000000d6a00000,0x00000000d6a00000)
  from space 1024K, 89% used [0x00000000d6c80000,0x00000000d6d653c8,0x00000000d6d80000)
  to   space 1536K, 0% used [0x00000000d6a80000,0x00000000d6a80000,0x00000000d6c00000)
 ParOldGen       total 68608K, used 43079K [0x0000000080000000, 0x0000000084300000, 0x00000000d5580000)
  object space 68608K, 62% used [0x0000000080000000,0x0000000082a11e18,0x0000000084300000)
 Metaspace       used 52029K, committed 53376K, reserved 1114112K
  class space    used 5722K, committed 6336K, reserved 1048576K
}
Event: 21.393 GC heap after
{Heap after GC invocations=29 (full 2):
 PSYoungGen      total 22528K, used 320K [0x00000000d5580000, 0x00000000d6d00000, 0x0000000100000000)
  eden space 20992K, 0% used [0x00000000d5580000,0x00000000d5580000,0x00000000d6a00000)
  from space 1536K, 20% used [0x00000000d6a80000,0x00000000d6ad0000,0x00000000d6c00000)
  to   space 1024K, 0% used [0x00000000d6c00000,0x00000000d6c00000,0x00000000d6d00000)
 ParOldGen       total 68608K, used 43915K [0x0000000080000000, 0x0000000084300000, 0x00000000d5580000)
  object space 68608K, 64% used [0x0000000080000000,0x0000000082ae2fe8,0x0000000084300000)
 Metaspace       used 52029K, committed 53376K, reserved 1114112K
  class space    used 5722K, committed 6336K, reserved 1048576K
}
Event: 21.860 GC heap before
{Heap before GC invocations=30 (full 2):
 PSYoungGen      total 22528K, used 21312K [0x00000000d5580000, 0x00000000d6d00000, 0x0000000100000000)
  eden space 20992K, 100% used [0x00000000d5580000,0x00000000d6a00000,0x00000000d6a00000)
  from space 1536K, 20% used [0x00000000d6a80000,0x00000000d6ad0000,0x00000000d6c00000)
  to   space 1024K, 0% used [0x00000000d6c00000,0x00000000d6c00000,0x00000000d6d00000)
 ParOldGen       total 68608K, used 43915K [0x0000000080000000, 0x0000000084300000, 0x00000000d5580000)
  object space 68608K, 64% used [0x0000000080000000,0x0000000082ae2fe8,0x0000000084300000)
 Metaspace       used 52800K, committed 54144K, reserved 1114112K
  class space    used 5784K, committed 6400K, reserved 1048576K
}
Event: 21.864 GC heap after
{Heap after GC invocations=30 (full 2):
 PSYoungGen      total 22016K, used 995K [0x00000000d5580000, 0x00000000d6e00000, 0x0000000100000000)
  eden space 20992K, 0% used [0x00000000d5580000,0x00000000d5580000,0x00000000d6a00000)
  from space 1024K, 97% used [0x00000000d6c00000,0x00000000d6cf8e48,0x00000000d6d00000)
  to   space 2048K, 0% used [0x00000000d6a00000,0x00000000d6a00000,0x00000000d6c00000)
 ParOldGen       total 68608K, used 44574K [0x0000000080000000, 0x0000000084300000, 0x00000000d5580000)
  object space 68608K, 64% used [0x0000000080000000,0x0000000082b87860,0x0000000084300000)
 Metaspace       used 52800K, committed 54144K, reserved 1114112K
  class space    used 5784K, committed 6400K, reserved 1048576K
}
Event: 21.984 GC heap before
{Heap before GC invocations=31 (full 2):
 PSYoungGen      total 22016K, used 21987K [0x00000000d5580000, 0x00000000d6e00000, 0x0000000100000000)
  eden space 20992K, 100% used [0x00000000d5580000,0x00000000d6a00000,0x00000000d6a00000)
  from space 1024K, 97% used [0x00000000d6c00000,0x00000000d6cf8e48,0x00000000d6d00000)
  to   space 2048K, 0% used [0x00000000d6a00000,0x00000000d6a00000,0x00000000d6c00000)
 ParOldGen       total 68608K, used 44574K [0x0000000080000000, 0x0000000084300000, 0x00000000d5580000)
  object space 68608K, 64% used [0x0000000080000000,0x0000000082b87860,0x0000000084300000)
 Metaspace       used 52813K, committed 54144K, reserved 1114112K
  class space    used 5784K, committed 6400K, reserved 1048576K
}
Event: 21.985 GC heap after
{Heap after GC invocations=31 (full 2):
 PSYoungGen      total 22528K, used 1049K [0x00000000d5580000, 0x00000000d6d00000, 0x0000000100000000)
  eden space 20992K, 0% used [0x00000000d5580000,0x00000000d5580000,0x00000000d6a00000)
  from space 1536K, 68% used [0x00000000d6a00000,0x00000000d6b06530,0x00000000d6b80000)
  to   space 1536K, 0% used [0x00000000d6b80000,0x00000000d6b80000,0x00000000d6d00000)
 ParOldGen       total 68608K, used 45131K [0x0000000080000000, 0x0000000084300000, 0x00000000d5580000)
  object space 68608K, 65% used [0x0000000080000000,0x0000000082c12f50,0x0000000084300000)
 Metaspace       used 52813K, committed 54144K, reserved 1114112K
  class space    used 5784K, committed 6400K, reserved 1048576K
}
Event: 22.953 GC heap before
{Heap before GC invocations=32 (full 2):
 PSYoungGen      total 22528K, used 22041K [0x00000000d5580000, 0x00000000d6d00000, 0x0000000100000000)
  eden space 20992K, 100% used [0x00000000d5580000,0x00000000d6a00000,0x00000000d6a00000)
  from space 1536K, 68% used [0x00000000d6a00000,0x00000000d6b06530,0x00000000d6b80000)
  to   space 1536K, 0% used [0x00000000d6b80000,0x00000000d6b80000,0x00000000d6d00000)
 ParOldGen       total 68608K, used 45131K [0x0000000080000000, 0x0000000084300000, 0x00000000d5580000)
  object space 68608K, 65% used [0x0000000080000000,0x0000000082c12f50,0x0000000084300000)
 Metaspace       used 56271K, committed 57664K, reserved 1114112K
  class space    used 6095K, committed 6656K, reserved 1048576K
}
Event: 22.955 GC heap after
{Heap after GC invocations=32 (full 2):
 PSYoungGen      total 22016K, used 688K [0x00000000d5580000, 0x00000000d6c80000, 0x0000000100000000)
  eden space 20992K, 0% used [0x00000000d5580000,0x00000000d5580000,0x00000000d6a00000)
  from space 1024K, 67% used [0x00000000d6b80000,0x00000000d6c2c020,0x00000000d6c80000)
  to   space 1024K, 0% used [0x00000000d6a80000,0x00000000d6a80000,0x00000000d6b80000)
 ParOldGen       total 68608K, used 45147K [0x0000000080000000, 0x0000000084300000, 0x00000000d5580000)
  object space 68608K, 65% used [0x0000000080000000,0x0000000082c16f50,0x0000000084300000)
 Metaspace       used 56271K, committed 57664K, reserved 1114112K
  class space    used 6095K, committed 6656K, reserved 1048576K
}
Event: 23.844 GC heap before
{Heap before GC invocations=33 (full 2):
 PSYoungGen      total 22016K, used 21657K [0x00000000d5580000, 0x00000000d6c80000, 0x0000000100000000)
  eden space 20992K, 99% used [0x00000000d5580000,0x00000000d69fa4c0,0x00000000d6a00000)
  from space 1024K, 67% used [0x00000000d6b80000,0x00000000d6c2c020,0x00000000d6c80000)
  to   space 1024K, 0% used [0x00000000d6a80000,0x00000000d6a80000,0x00000000d6b80000)
 ParOldGen       total 68608K, used 45147K [0x0000000080000000, 0x0000000084300000, 0x00000000d5580000)
  object space 68608K, 65% used [0x0000000080000000,0x0000000082c16f50,0x0000000084300000)
 Metaspace       used 58141K, committed 59584K, reserved 1114112K
  class space    used 6265K, committed 6848K, reserved 1048576K
}
Event: 23.851 GC heap after
{Heap after GC invocations=33 (full 2):
 PSYoungGen      total 22016K, used 1017K [0x00000000d5580000, 0x00000000d7000000, 0x0000000100000000)
  eden space 20992K, 0% used [0x00000000d5580000,0x00000000d5580000,0x00000000d6a00000)
  from space 1024K, 99% used [0x00000000d6a80000,0x00000000d6b7e510,0x00000000d6b80000)
  to   space 3072K, 0% used [0x00000000d6d00000,0x00000000d6d00000,0x00000000d7000000)
 ParOldGen       total 68608K, used 46529K [0x0000000080000000, 0x0000000084300000, 0x00000000d5580000)
  object space 68608K, 67% used [0x0000000080000000,0x0000000082d70448,0x0000000084300000)
 Metaspace       used 58141K, committed 59584K, reserved 1114112K
  class space    used 6265K, committed 6848K, reserved 1048576K
}
Event: 24.004 GC heap before
{Heap before GC invocations=34 (full 2):
 PSYoungGen      total 22016K, used 6491K [0x00000000d5580000, 0x00000000d7000000, 0x0000000100000000)
  eden space 20992K, 26% used [0x00000000d5580000,0x00000000d5ad8978,0x00000000d6a00000)
  from space 1024K, 99% used [0x00000000d6a80000,0x00000000d6b7e510,0x00000000d6b80000)
  to   space 3072K, 0% used [0x00000000d6d00000,0x00000000d6d00000,0x00000000d7000000)
 ParOldGen       total 68608K, used 46529K [0x0000000080000000, 0x0000000084300000, 0x00000000d5580000)
  object space 68608K, 67% used [0x0000000080000000,0x0000000082d70448,0x0000000084300000)
 Metaspace       used 58443K, committed 59776K, reserved 1114112K
  class space    used 6295K, committed 6848K, reserved 1048576K
}
Event: 24.008 GC heap after
{Heap after GC invocations=34 (full 2):
 PSYoungGen      total 23552K, used 2153K [0x00000000d5580000, 0x00000000d6f80000, 0x0000000100000000)
  eden space 20992K, 0% used [0x00000000d5580000,0x00000000d5580000,0x00000000d6a00000)
  from space 2560K, 84% used [0x00000000d6d00000,0x00000000d6f1a780,0x00000000d6f80000)
  to   space 2560K, 0% used [0x00000000d6a80000,0x00000000d6a80000,0x00000000d6d00000)
 ParOldGen       total 68608K, used 47486K [0x0000000080000000, 0x0000000084300000, 0x00000000d5580000)
  object space 68608K, 69% used [0x0000000080000000,0x0000000082e5f950,0x0000000084300000)
 Metaspace       used 58443K, committed 59776K, reserved 1114112K
  class space    used 6295K, committed 6848K, reserved 1048576K
}
Event: 24.008 GC heap before
{Heap before GC invocations=35 (full 3):
 PSYoungGen      total 23552K, used 2153K [0x00000000d5580000, 0x00000000d6f80000, 0x0000000100000000)
  eden space 20992K, 0% used [0x00000000d5580000,0x00000000d5580000,0x00000000d6a00000)
  from space 2560K, 84% used [0x00000000d6d00000,0x00000000d6f1a780,0x00000000d6f80000)
  to   space 2560K, 0% used [0x00000000d6a80000,0x00000000d6a80000,0x00000000d6d00000)
 ParOldGen       total 68608K, used 47486K [0x0000000080000000, 0x0000000084300000, 0x00000000d5580000)
  object space 68608K, 69% used [0x0000000080000000,0x0000000082e5f950,0x0000000084300000)
 Metaspace       used 58443K, committed 59776K, reserved 1114112K
  class space    used 6295K, committed 6848K, reserved 1048576K
}
Event: 24.189 GC heap after
{Heap after GC invocations=35 (full 3):
 PSYoungGen      total 23552K, used 0K [0x00000000d5580000, 0x00000000d6f80000, 0x0000000100000000)
  eden space 20992K, 0% used [0x00000000d5580000,0x00000000d5580000,0x00000000d6a00000)
  from space 2560K, 0% used [0x00000000d6d00000,0x00000000d6d00000,0x00000000d6f80000)
  to   space 2560K, 0% used [0x00000000d6a80000,0x00000000d6a80000,0x00000000d6d00000)
 ParOldGen       total 68608K, used 46810K [0x0000000080000000, 0x0000000084300000, 0x00000000d5580000)
  object space 68608K, 68% used [0x0000000080000000,0x0000000082db69f0,0x0000000084300000)
 Metaspace       used 58443K, committed 59776K, reserved 1114112K
  class space    used 6295K, committed 6848K, reserved 1048576K
}

